# JRE version: OpenJDK Runtime Environment Corretto-17.0.17.10.1 (17.0.17+10) (build 17.0.17+10-LTS)
# Java VM: OpenJDK 64-Bit Server VM Corretto-17.0.17.10.1 (17.0.17+10-LTS, mixed mode, sharing, tiered, compressed oops, compressed class ptrs, g1 gc, windows-amd64)
GC Precious Log:
 CPUs: 12 total, 12 available
 Memory: 7541M
 Large Page Support: Disabled
 NUMA Support: Disabled
 Compressed Oops: Enabled (32-bit)
 Heap Region Size: 1M
 Heap Min Capacity: 8M
 Heap Initial Capacity: 118M
 Heap Max Capacity: 1886M
 Pre-touch: Disabled
 Parallel Workers: 10
 Concurrent Workers: 3
 Concurrent Refinement Workers: 10
 Periodic GC: Disabled
Heap:
 garbage-first heap   total 73728K, used 56160K [0x000000008a200000, 0x0000000100000000)
  region size 1024K, 26 young (26624K), 4 survivors (4096K)
 Metaspace       used 70621K, committed 71168K, reserved 1114112K
  class space    used 9281K, committed 9536K, reserved 1048576K
GC Heap History (20 events):
Event: 558.640 GC heap before
{Heap before GC invocations=22 (full 0):
 garbage-first heap   total 73728K, used 59583K [0x000000008a200000, 0x0000000100000000)
  region size 1024K, 27 young (27648K), 1 survivors (1024K)
 Metaspace       used 63036K, committed 63488K, reserved 1114112K
  class space    used 8408K, committed 8640K, reserved 1048576K
}
Event: 558.660 GC heap after
{Heap after GC invocations=23 (full 0):
 garbage-first heap   total 73728K, used 32886K [0x000000008a200000, 0x0000000100000000)
  region size 1024K, 1 young (1024K), 1 survivors (1024K)
 Metaspace       used 63036K, committed 63488K, reserved 1114112K
  class space    used 8408K, committed 8640K, reserved 1048576K
}
Event: 915.209 GC heap before
{Heap before GC invocations=23 (full 0):
 garbage-first heap   total 73728K, used 60534K [0x000000008a200000, 0x0000000100000000)
  region size 1024K, 28 young (28672K), 1 survivors (1024K)
 Metaspace       used 63049K, committed 63552K, reserved 1114112K
  class space    used 8408K, committed 8640K, reserved 1048576K
}
Event: 915.213 GC heap after
{Heap after GC invocations=24 (full 0):
 garbage-first heap   total 73728K, used 32772K [0x000000008a200000, 0x0000000100000000)
  region size 1024K, 1 young (1024K), 1 survivors (1024K)
 Metaspace       used 63049K, committed 63552K, reserved 1114112K
  class space    used 8408K, committed 8640K, reserved 1048576K
}
Event: 1285.048 GC heap before
{Heap before GC invocations=24 (full 0):
 garbage-first heap   total 73728K, used 61444K [0x000000008a200000, 0x0000000100000000)
  region size 1024K, 29 young (29696K), 1 survivors (1024K)
 Metaspace       used 63062K, committed 63552K, reserved 1114112K
  class space    used 8408K, committed 8640K, reserved 1048576K
}
Event: 1285.055 GC heap after
{Heap after GC invocations=25 (full 0):
 garbage-first heap   total 73728K, used 32745K [0x000000008a200000, 0x0000000100000000)
  region size 1024K, 1 young (1024K), 1 survivors (1024K)
 Metaspace       used 63062K, committed 63552K, reserved 1114112K
  class space    used 8408K, committed 8640K, reserved 1048576K
}
Event: 1657.122 GC heap before
{Heap before GC invocations=25 (full 0):
 garbage-first heap   total 73728K, used 61417K [0x000000008a200000, 0x0000000100000000)
  region size 1024K, 29 young (29696K), 1 survivors (1024K)
 Metaspace       used 63066K, committed 63552K, reserved 1114112K
  class space    used 8408K, committed 8640K, reserved 1048576K
}
Event: 1657.138 GC heap after
{Heap after GC invocations=26 (full 0):
 garbage-first heap   total 73728K, used 32718K [0x000000008a200000, 0x0000000100000000)
  region size 1024K, 1 young (1024K), 1 survivors (1024K)
 Metaspace       used 63066K, committed 63552K, reserved 1114112K
  class space    used 8408K, committed 8640K, reserved 1048576K
}
Event: 1974.267 GC heap before
{Heap before GC invocations=26 (full 0):
 garbage-first heap   total 73728K, used 62414K [0x000000008a200000, 0x0000000100000000)
  region size 1024K, 30 young (30720K), 1 survivors (1024K)
 Metaspace       used 63225K, committed 63680K, reserved 1114112K
  class space    used 8418K, committed 8640K, reserved 1048576K
}
Event: 1974.284 GC heap after
{Heap after GC invocations=27 (full 0):
 garbage-first heap   total 73728K, used 33320K [0x000000008a200000, 0x0000000100000000)
  region size 1024K, 2 young (2048K), 2 survivors (2048K)
 Metaspace       used 63225K, committed 63680K, reserved 1114112K
  class space    used 8418K, committed 8640K, reserved 1048576K
}
Event: 2344.004 GC heap before
{Heap before GC invocations=27 (full 0):
 garbage-first heap   total 73728K, used 61992K [0x000000008a200000, 0x0000000100000000)
  region size 1024K, 30 young (30720K), 2 survivors (2048K)
 Metaspace       used 63225K, committed 63680K, reserved 1114112K
  class space    used 8418K, committed 8640K, reserved 1048576K
}
Event: 2344.006 GC heap after
{Heap after GC invocations=28 (full 0):
 garbage-first heap   total 73728K, used 33319K [0x000000008a200000, 0x0000000100000000)
  region size 1024K, 2 young (2048K), 2 survivors (2048K)
 Metaspace       used 63225K, committed 63680K, reserved 1114112K
  class space    used 8418K, committed 8640K, reserved 1048576K
}
Event: 2712.998 GC heap before
{Heap before GC invocations=28 (full 0):
 garbage-first heap   total 73728K, used 61991K [0x000000008a200000, 0x0000000100000000)
  region size 1024K, 30 young (30720K), 2 survivors (2048K)
 Metaspace       used 63257K, committed 63680K, reserved 1114112K
  class space    used 8418K, committed 8640K, reserved 1048576K
}
Event: 2713.001 GC heap after
{Heap after GC invocations=29 (full 0):
 garbage-first heap   total 73728K, used 33324K [0x000000008a200000, 0x0000000100000000)
  region size 1024K, 2 young (2048K), 2 survivors (2048K)
 Metaspace       used 63257K, committed 63680K, reserved 1114112K
  class space    used 8418K, committed 8640K, reserved 1048576K
}
Event: 3077.605 GC heap before
{Heap before GC invocations=29 (full 0):
 garbage-first heap   total 73728K, used 61996K [0x000000008a200000, 0x0000000100000000)
  region size 1024K, 30 young (30720K), 2 survivors (2048K)
 Metaspace       used 63257K, committed 63680K, reserved 1114112K
  class space    used 8418K, committed 8640K, reserved 1048576K
}
Event: 3077.608 GC heap after
{Heap after GC invocations=30 (full 0):
 garbage-first heap   total 73728K, used 33332K [0x000000008a200000, 0x0000000100000000)
  region size 1024K, 2 young (2048K), 2 survivors (2048K)
 Metaspace       used 63257K, committed 63680K, reserved 1114112K
  class space    used 8418K, committed 8640K, reserved 1048576K
}
Event: 3442.396 GC heap before
{Heap before GC invocations=30 (full 0):
 garbage-first heap   total 73728K, used 62004K [0x000000008a200000, 0x0000000100000000)
  region size 1024K, 30 young (30720K), 2 survivors (2048K)
 Metaspace       used 63257K, committed 63680K, reserved 1114112K
  class space    used 8418K, committed 8640K, reserved 1048576K
}
Event: 3442.472 GC heap after
{Heap after GC invocations=31 (full 0):
 garbage-first heap   total 73728K, used 33307K [0x000000008a200000, 0x0000000100000000)
  region size 1024K, 2 young (2048K), 2 survivors (2048K)
 Metaspace       used 63257K, committed 63680K, reserved 1114112K
  class space    used 8418K, committed 8640K, reserved 1048576K
}
Event: 3473.008 GC heap before
{Heap before GC invocations=31 (full 0):
 garbage-first heap   total 73728K, used 60955K [0x000000008a200000, 0x0000000100000000)
  region size 1024K, 30 young (30720K), 2 survivors (2048K)
 Metaspace       used 69363K, committed 69888K, reserved 1114112K
  class space    used 9148K, committed 9408K, reserved 1048576K
}
Event: 3473.023 GC heap after
{Heap after GC invocations=32 (full 0):
 garbage-first heap   total 73728K, used 35680K [0x000000008a200000, 0x0000000100000000)
  region size 1024K, 4 young (4096K), 4 survivors (4096K)
 Metaspace       used 69363K, committed 69888K, reserved 1114112K
  class space    used 9148K, committed 9408K, reserved 1048576K
}

