# JRE version: OpenJDK Runtime Environment Corretto-17.0.17.10.1 (17.0.17+10) (build 17.0.17+10-LTS)
# Java VM: OpenJDK 64-Bit Server VM Corretto-17.0.17.10.1 (17.0.17+10-LTS, mixed mode, sharing, tiered, compressed oops, compressed class ptrs, g1 gc, windows-amd64)
GC Precious Log:
 CPUs: 12 total, 12 available
 Memory: 7541M
 Large Page Support: Disabled
 NUMA Support: Disabled
 Compressed Oops: Enabled (32-bit)
 Heap Region Size: 1M
 Heap Min Capacity: 8M
 Heap Initial Capacity: 118M
 Heap Max Capacity: 1886M
 Pre-touch: Disabled
 Parallel Workers: 10
 Concurrent Workers: 3
 Concurrent Refinement Workers: 10
 Periodic GC: Disabled
Heap:
 garbage-first heap   total 86016K, used 49343K [0x000000008a200000, 0x0000000100000000)
  region size 1024K, 23 young (23552K), 4 survivors (4096K)
 Metaspace       used 64412K, committed 64896K, reserved 1114112K
  class space    used 8604K, committed 8832K, reserved 1048576K
GC Heap History (20 events):
Event: 5.319 GC heap before
{Heap before GC invocations=8 (full 0):
 garbage-first heap   total 51200K, used 36825K [0x000000008a200000, 0x0000000100000000)
  region size 1024K, 21 young (21504K), 2 survivors (2048K)
 Metaspace       used 34572K, committed 34880K, reserved 1114112K
  class space    used 4554K, committed 4672K, reserved 1048576K
}
Event: 5.322 GC heap after
{Heap after GC invocations=9 (full 0):
 garbage-first heap   total 73728K, used 19175K [0x000000008a200000, 0x0000000100000000)
  region size 1024K, 3 young (3072K), 3 survivors (3072K)
 Metaspace       used 34572K, committed 34880K, reserved 1114112K
  class space    used 4554K, committed 4672K, reserved 1048576K
}
Event: 5.396 GC heap before
{Heap before GC invocations=9 (full 0):
 garbage-first heap   total 73728K, used 22247K [0x000000008a200000, 0x0000000100000000)
  region size 1024K, 7 young (7168K), 3 survivors (3072K)
 Metaspace       used 35773K, committed 36096K, reserved 1114112K
  class space    used 4812K, committed 4928K, reserved 1048576K
}
Event: 5.399 GC heap after
{Heap after GC invocations=10 (full 0):
 garbage-first heap   total 73728K, used 19335K [0x000000008a200000, 0x0000000100000000)
  region size 1024K, 3 young (3072K), 3 survivors (3072K)
 Metaspace       used 35773K, committed 36096K, reserved 1114112K
  class space    used 4812K, committed 4928K, reserved 1048576K
}
Event: 6.623 GC heap before
{Heap before GC invocations=11 (full 0):
 garbage-first heap   total 71680K, used 55175K [0x000000008a200000, 0x0000000100000000)
  region size 1024K, 38 young (38912K), 3 survivors (3072K)
 Metaspace       used 47332K, committed 47680K, reserved 1114112K
  class space    used 6230K, committed 6400K, reserved 1048576K
}
Event: 6.629 GC heap after
{Heap after GC invocations=12 (full 0):
 garbage-first heap   total 71680K, used 22951K [0x000000008a200000, 0x0000000100000000)
  region size 1024K, 5 young (5120K), 5 survivors (5120K)
 Metaspace       used 47332K, committed 47680K, reserved 1114112K
  class space    used 6230K, committed 6400K, reserved 1048576K
}
Event: 7.557 GC heap before
{Heap before GC invocations=12 (full 0):
 garbage-first heap   total 71680K, used 53671K [0x000000008a200000, 0x0000000100000000)
  region size 1024K, 35 young (35840K), 5 survivors (5120K)
 Metaspace       used 52860K, committed 53184K, reserved 1114112K
  class space    used 7062K, committed 7232K, reserved 1048576K
}
Event: 7.563 GC heap after
{Heap after GC invocations=13 (full 0):
 garbage-first heap   total 71680K, used 24609K [0x000000008a200000, 0x0000000100000000)
  region size 1024K, 2 young (2048K), 2 survivors (2048K)
 Metaspace       used 52860K, committed 53184K, reserved 1114112K
  class space    used 7062K, committed 7232K, reserved 1048576K
}
Event: 8.223 GC heap before
{Heap before GC invocations=13 (full 0):
 garbage-first heap   total 71680K, used 54305K [0x000000008a200000, 0x0000000100000000)
  region size 1024K, 31 young (31744K), 2 survivors (2048K)
 Metaspace       used 56510K, committed 56896K, reserved 1114112K
  class space    used 7543K, committed 7744K, reserved 1048576K
}
Event: 8.228 GC heap after
{Heap after GC invocations=14 (full 0):
 garbage-first heap   total 71680K, used 26039K [0x000000008a200000, 0x0000000100000000)
  region size 1024K, 3 young (3072K), 3 survivors (3072K)
 Metaspace       used 56510K, committed 56896K, reserved 1114112K
  class space    used 7543K, committed 7744K, reserved 1048576K
}
Event: 8.592 GC heap before
{Heap before GC invocations=14 (full 0):
 garbage-first heap   total 71680K, used 55735K [0x000000008a200000, 0x0000000100000000)
  region size 1024K, 32 young (32768K), 3 survivors (3072K)
 Metaspace       used 57465K, committed 57856K, reserved 1114112K
  class space    used 7661K, committed 7872K, reserved 1048576K
}
Event: 8.596 GC heap after
{Heap after GC invocations=15 (full 0):
 garbage-first heap   total 71680K, used 27190K [0x000000008a200000, 0x0000000100000000)
  region size 1024K, 3 young (3072K), 3 survivors (3072K)
 Metaspace       used 57465K, committed 57856K, reserved 1114112K
  class space    used 7661K, committed 7872K, reserved 1048576K
}
Event: 8.901 GC heap before
{Heap before GC invocations=15 (full 0):
 garbage-first heap   total 71680K, used 56886K [0x000000008a200000, 0x0000000100000000)
  region size 1024K, 32 young (32768K), 3 survivors (3072K)
 Metaspace       used 57861K, committed 58304K, reserved 1114112K
  class space    used 7694K, committed 7936K, reserved 1048576K
}
Event: 8.905 GC heap after
{Heap after GC invocations=16 (full 0):
 garbage-first heap   total 71680K, used 27976K [0x000000008a200000, 0x0000000100000000)
  region size 1024K, 2 young (2048K), 2 survivors (2048K)
 Metaspace       used 57861K, committed 58304K, reserved 1114112K
  class space    used 7694K, committed 7936K, reserved 1048576K
}
Event: 9.293 GC heap before
{Heap before GC invocations=16 (full 0):
 garbage-first heap   total 71680K, used 57672K [0x000000008a200000, 0x0000000100000000)
  region size 1024K, 31 young (31744K), 2 survivors (2048K)
 Metaspace       used 58674K, committed 59136K, reserved 1114112K
  class space    used 7786K, committed 8000K, reserved 1048576K
}
Event: 9.296 GC heap after
{Heap after GC invocations=17 (full 0):
 garbage-first heap   total 71680K, used 28790K [0x000000008a200000, 0x0000000100000000)
  region size 1024K, 3 young (3072K), 3 survivors (3072K)
 Metaspace       used 58674K, committed 59136K, reserved 1114112K
  class space    used 7786K, committed 8000K, reserved 1048576K
}
Event: 9.594 GC heap before
{Heap before GC invocations=17 (full 0):
 garbage-first heap   total 71680K, used 39030K [0x000000008a200000, 0x0000000100000000)
  region size 1024K, 14 young (14336K), 3 survivors (3072K)
 Metaspace       used 60078K, committed 60416K, reserved 1114112K
  class space    used 7996K, committed 8192K, reserved 1048576K
}
Event: 9.598 GC heap after
{Heap after GC invocations=18 (full 0):
 garbage-first heap   total 71680K, used 29546K [0x000000008a200000, 0x0000000100000000)
  region size 1024K, 3 young (3072K), 3 survivors (3072K)
 Metaspace       used 60078K, committed 60416K, reserved 1114112K
  class space    used 7996K, committed 8192K, reserved 1048576K
}
Event: 10.286 GC heap before
{Heap before GC invocations=19 (full 0):
 garbage-first heap   total 71680K, used 57194K [0x000000008a200000, 0x0000000100000000)
  region size 1024K, 30 young (30720K), 3 survivors (3072K)
 Metaspace       used 62150K, committed 62528K, reserved 1114112K
  class space    used 8320K, committed 8512K, reserved 1048576K
}
Event: 10.291 GC heap after
{Heap after GC invocations=20 (full 0):
 garbage-first heap   total 86016K, used 31935K [0x000000008a200000, 0x0000000100000000)
  region size 1024K, 4 young (4096K), 4 survivors (4096K)
 Metaspace       used 62150K, committed 62528K, reserved 1114112K
  class space    used 8320K, committed 8512K, reserved 1048576K
}

